#
# A fatal error has been detected by the Java Runtime Environment:
#
#  EXCEPTION_ACCESS_VIOLATION (0xc0000005) at pc=0x000000007322c750, pid=4840, tid=6828
#
# JRE version: 6.0_17-b04
# Java VM: Java HotSpot(TM) 64-Bit Server VM (14.3-b01 mixed mode windows-amd64 )
# Problematic frame:
# C  0x000000007322c750
#
# If you would like to submit a bug report, please visit:
#   http://java.sun.com/webapps/bugreport/crash.jsp
# The crash happened outside the Java Virtual Machine in native code.
# See problematic frame for where to report the bug.
#

---------------  T H R E A D  ---------------

Current thread (0x000000005527b000):  JavaThread "AWT-EventQueue-0" [_thread_in_native, id=6828, stack(0x000000000fae0000,0x000000000fb60000)]

siginfo: ExceptionCode=0xc0000005, reading address 0x0000000000000008

Registers:
EAX=0x000000000000000d, EBX=0x000000005527b1b8, ECX=0x0000000000000000, EDX=0x00000000030113fc
ESP=0x000000000fb5dd68, EBP=0x0000000059030060, ESI=0x000000005527b1b8, EDI=0x00000000559a4a30
EIP=0x000000007322c750, EFLAGS=0x0000000000010206

Top of Stack: (sp=0x000000000fb5dd68)
0x000000000fb5dd68:   00000000731d589c 0000000000000000
0x000000000fb5dd78:   000000005527b1b8 0000000059030060
0x000000000fb5dd88:   000000005527b1b8 0000000000000007
0x000000000fb5dd98:   000000005527b1b8 000000003cff99a8
0x000000000fb5dda8:   00000000731b3810 000000005527b1b8
0x000000000fb5ddb8:   000000000fb5e488 000000000fb5e500
0x000000000fb5ddc8:   0000000059030060 0000000041524db0
0x000000000fb5ddd8:   00000000731d2151 0000000049fad848
0x000000000fb5dde8:   000000000fb5e4f8 0000000049c6f9e0
0x000000000fb5ddf8:   000000000fb5e500 0000000049f7b6c8
0x000000000fb5de08:   00000000407a1fa0 0000000049f7b6c8
0x000000000fb5de18:   0000000049f7b6c8 00000000fff0f0f0
0x000000000fb5de28:   0000055400000079 000000010fb5ded8
0x000000000fb5de38:   0000000041c3ffa0 0000000000000014
0x000000000fb5de48:   000000000000001c 0000000000000010
0x000000000fb5de58:   0000000000000018 0000000038d36c60 

Instructions: (pc=0x000000007322c750)
0x000000007322c740:   48 8b 41 08 48 8b 80 18 0c 00 00 c3 cc cc cc cc
0x000000007322c750:   48 8b 49 08 48 85 c9 74 05 e9 72 f6 fd ff 33 c0 


Stack: [0x000000000fae0000,0x000000000fb60000],  sp=0x000000000fb5dd68,  free space=503k
Native frames: (J=compiled Java code, j=interpreted, Vv=VM code, C=native code)
C  0x000000007322c750

Java frames: (J=compiled Java code, j=interpreted, Vv=VM code)
j  sun.java2d.windows.GDIBlitLoops.nativeBlit(Lsun/java2d/SurfaceData;Lsun/java2d/SurfaceData;Lsun/java2d/pipe/Region;IIIIIIIIIZ)V+0
j  sun.java2d.windows.GDIBlitLoops.Blit(Lsun/java2d/SurfaceData;Lsun/java2d/SurfaceData;Ljava/awt/Composite;Lsun/java2d/pipe/Region;IIIIII)V+33
J  sun.java2d.pipe.DrawImage.copyImage(Lsun/java2d/SunGraphics2D;Ljava/awt/Image;IILjava/awt/Color;Ljava/awt/image/ImageObserver;)Z
J  javax.swing.RepaintManager$PaintManager.paintDoubleBuffered(Ljavax/swing/JComponent;Ljava/awt/Image;Ljava/awt/Graphics;IIII)V
J  javax.swing.RepaintManager$PaintManager.paint(Ljavax/swing/JComponent;Ljavax/swing/JComponent;Ljava/awt/Graphics;IIII)Z
j  javax.swing.RepaintManager.paint(Ljavax/swing/JComponent;Ljavax/swing/JComponent;Ljava/awt/Graphics;IIII)V+52
J  javax.swing.JComponent.paint(Ljava/awt/Graphics;)V
j  java.awt.GraphicsCallback$PaintCallback.run(Ljava/awt/Component;Ljava/awt/Graphics;)V+2
j  sun.awt.SunGraphicsCallback.runOneComponent(Ljava/awt/Component;Ljava/awt/Rectangle;Ljava/awt/Graphics;Ljava/awt/Shape;I)V+155
j  sun.awt.SunGraphicsCallback.runComponents([Ljava/awt/Component;Ljava/awt/Graphics;I)V+104
j  java.awt.Container.paint(Ljava/awt/Graphics;)V+73
J  javax.swing.RepaintManager.paintDirtyRegions(Ljava/util/Map;)V
j  javax.swing.RepaintManager.paintDirtyRegions()V+46
j  javax.swing.RepaintManager.seqPaintDirtyRegions()V+73
j  javax.swing.SystemEventQueueUtilities$ComponentWorkRequest.run()V+36
J  java.awt.event.InvocationEvent.dispatch()V
J  java.awt.EventDispatchThread.pumpOneEventForFilters(I)Z
J  java.awt.EventDispatchThread.pumpEventsForFilter(ILjava/awt/Conditional;Ljava/awt/EventFilter;)V
j  java.awt.EventDispatchThread.pumpEventsForHierarchy(ILjava/awt/Conditional;Ljava/awt/Component;)V+11
j  java.awt.EventDispatchThread.pumpEvents(ILjava/awt/Conditional;)V+4
j  java.awt.EventDispatchThread.pumpEvents(Ljava/awt/Conditional;)V+3
j  java.awt.EventDispatchThread.run()V+9
v  ~StubRoutines::call_stub

---------------  P R O C E S S  ---------------

Java Threads: ( => current thread )
  0x0000000055704000 JavaThread "Code Analyzer updating thread" [_thread_blocked, id=16524, stack(0x00000000175a0000,0x0000000017620000)]
  0x0000000055704800 JavaThread "Code Analyzer updating thread" [_thread_blocked, id=18020, stack(0x0000000018e10000,0x0000000018e90000)]
  0x00000000555b7800 JavaThread "Code Analyzer updating thread" [_thread_blocked, id=17044, stack(0x000000001d060000,0x000000001d0e0000)]
  0x00000000555ab800 JavaThread "Code Analyzer updating thread" [_thread_blocked, id=7248, stack(0x0000000016490000,0x0000000016510000)]
  0x00000000555b5800 JavaThread "Code Analyzer updating thread" [_thread_blocked, id=11112, stack(0x000000001cdf0000,0x000000001ce70000)]
  0x00000000555b7000 JavaThread "Code Analyzer updating thread" [_thread_blocked, id=13860, stack(0x0000000018ec0000,0x0000000018f40000)]
  0x00000000555b2000 JavaThread "Code Analyzer updating thread" [_thread_blocked, id=6576, stack(0x0000000017d40000,0x0000000017dc0000)]
  0x00000000555b3000 JavaThread "Code Analyzer updating thread" [_thread_blocked, id=11908, stack(0x0000000015ec0000,0x0000000015f40000)]
  0x0000000055703000 JavaThread "Image Fetcher 0" daemon [_thread_blocked, id=13200, stack(0x0000000015c50000,0x0000000015cd0000)]
  0x0000000055702800 JavaThread "pool-7-thread-1" [_thread_blocked, id=9548, stack(0x00000000163f0000,0x0000000016470000)]
  0x00000000555b4000 JavaThread "Foxtrot Single Worker Thread #1" daemon [_thread_blocked, id=8908, stack(0x0000000015650000,0x00000000156d0000)]
  0x00000000555b6000 JavaThread "Swing-Shell" daemon [_thread_blocked, id=6584, stack(0x000000005b140000,0x000000005b1c0000)]
  0x00000000555af000 JavaThread "Active Reference Queue Daemon" daemon [_thread_blocked, id=6776, stack(0x0000000008ae0000,0x0000000008b60000)]
  0x00000000555b2800 JavaThread "Timer-10" daemon [_thread_blocked, id=6880, stack(0x0000000008e10000,0x0000000008e90000)]
  0x00000000555b1000 JavaThread "Timer-3" daemon [_thread_blocked, id=2908, stack(0x0000000057740000,0x00000000577c0000)]
  0x00000000555af800 JavaThread "Explorer NavigationContext request queue" [_thread_blocked, id=6344, stack(0x0000000059750000,0x00000000597d0000)]
  0x00000000555ae000 JavaThread "AddressBar directory emptiness poller" [_thread_blocked, id=5248, stack(0x00000000253c0000,0x0000000025440000)]
  0x00000000555ad800 JavaThread "Explorer Refresh Service 1059463349" [_thread_blocked, id=7088, stack(0x00000000597d0000,0x0000000059850000)]
  0x00000000555ac000 JavaThread "Timer-1" daemon [_thread_blocked, id=3492, stack(0x0000000057590000,0x0000000057610000)]
  0x00000000555aa800 JavaThread "TimerQueue" daemon [_thread_blocked, id=6220, stack(0x000000000e780000,0x000000000e800000)]
  0x00000000555aa000 JavaThread "Prefs Updater" daemon [_thread_blocked, id=6740, stack(0x0000000010eb0000,0x0000000010f30000)]
  0x00000000555a9000 JavaThread "Thread-5" daemon [_thread_blocked, id=4292, stack(0x000000000fd90000,0x000000000fe10000)]
  0x00000000555a8800 JavaThread "FelixPackageAdmin" daemon [_thread_blocked, id=3828, stack(0x0000000015030000,0x00000000150b0000)]
  0x0000000055242800 JavaThread "FelixStartLevel" daemon [_thread_blocked, id=3708, stack(0x0000000014f50000,0x0000000014fd0000)]
  0x0000000055505000 JavaThread "FelixDispatchQueue" daemon [_thread_blocked, id=1156, stack(0x000000000ff60000,0x000000000ffe0000)]
=>0x000000005527b000 JavaThread "AWT-EventQueue-0" [_thread_in_native, id=6828, stack(0x000000000fae0000,0x000000000fb60000)]
  0x000000005522d000 JavaThread "com.google.common.base.internal.Finalizer" daemon [_thread_blocked, id=6652, stack(0x000000000fce0000,0x000000000fd60000)]
  0x000000000f90e800 JavaThread "AWT-Windows" daemon [_thread_in_native, id=5508, stack(0x000000000f990000,0x000000000fa10000)]
  0x000000000f90e000 JavaThread "AWT-Shutdown" [_thread_blocked, id=3856, stack(0x000000000fb60000,0x000000000fbe0000)]
  0x000000000f90d000 JavaThread "Java2D Disposer" daemon [_thread_blocked, id=6716, stack(0x000000000eb40000,0x000000000ebc0000)]
  0x0000000054e00800 JavaThread "Timer-0" [_thread_blocked, id=336, stack(0x000000000fa20000,0x000000000faa0000)]
  0x000000000f5aa800 JavaThread "EventMgr Dispatcher" daemon [_thread_in_native, id=5200, stack(0x0000000009050000,0x000000000d050000)]
  0x000000000eabb000 JavaThread "Low Memory Detector" daemon [_thread_blocked, id=3152, stack(0x000000000dce0000,0x000000000dd60000)]
  0x000000000eab4800 JavaThread "CompilerThread1" daemon [_thread_blocked, id=6700, stack(0x0000000094660000,0x0000000098660000)]
  0x000000000eaae800 JavaThread "CompilerThread0" daemon [_thread_blocked, id=3936, stack(0x0000000090560000,0x0000000094560000)]
  0x000000000eaad800 JavaThread "Attach Listener" daemon [_thread_blocked, id=6168, stack(0x000000000ec90000,0x000000000ed10000)]
  0x000000000ea55000 JavaThread "Finalizer" daemon [_thread_blocked, id=5000, stack(0x000000000ebd0000,0x000000000ec50000)]
  0x000000000ea4a800 JavaThread "Reference Handler" daemon [_thread_blocked, id=6516, stack(0x000000000e810000,0x000000000e890000)]
  0x0000000005be4000 JavaThread "main" [_thread_in_native, id=2616, stack(0x0000000000130000,0x0000000004130000)]

Other Threads:
  0x000000000ea44800 VMThread [stack: 0x000000008c390000,0x0000000090390000] [id=6832]
  0x000000000ead8000 WatcherThread [stack: 0x0000000098820000,0x000000009c820000] [id=588]

VM state:not at safepoint (normal execution)

VM Mutex/Monitor currently owned by a thread: None

Heap
 PSYoungGen      total 15424K, used 6323K [0x00000000499f0000, 0x000000004ab60000, 0x000000004caf0000)
  eden space 15168K, 40% used [0x00000000499f0000,0x0000000049fdcde8,0x000000004a8c0000)
  from space 256K, 100% used [0x000000004a9b0000,0x000000004a9f0000,0x000000004a9f0000)
  to   space 960K, 0% used [0x000000004a8c0000,0x000000004a8c0000,0x000000004a9b0000)
 PSOldGen        total 150528K, used 140950K [0x00000000406f0000, 0x00000000499f0000, 0x00000000499f0000)
  object space 150528K, 93% used [0x00000000406f0000,0x0000000049095940,0x00000000499f0000)
 PSPermGen       total 74752K, used 74552K [0x00000000386f0000, 0x000000003cff0000, 0x00000000406f0000)
  object space 74752K, 99% used [0x00000000386f0000,0x000000003cfbe3b8,0x000000003cff0000)

Dynamic libraries:
0x000000013fdc0000 - 0x000000013fded000 	C:\Program Files\MATLAB\R2012b\bin\win64\MATLAB.exe
0x00000000773b0000 - 0x0000000077559000 	C:\windows\SYSTEM32\ntdll.dll
0x0000000076e20000 - 0x0000000076f3f000 	C:\windows\system32\kernel32.dll
0x000007fefd9a0000 - 0x000007fefda0b000 	C:\windows\system32\KERNELBASE.dll
0x0000000074460000 - 0x000000007451f000 	C:\Program Files\MATLAB\R2012b\bin\win64\libut.dll
0x00000000758a0000 - 0x000000007595c000 	C:\Program Files\MATLAB\R2012b\bin\win64\libmwi18n.dll
0x0000000180000000 - 0x000000018000b000 	C:\Program Files\MATLAB\R2012b\bin\win64\libmwresource_core.dll
0x00000000719e0000 - 0x0000000071ab3000 	C:\windows\WinSxS\amd64_microsoft.vc90.crt_1fc8b3b9a1e18e3b_9.0.30729.6161_none_08e61857a83bc251\MSVCP90.dll
0x0000000074b70000 - 0x0000000074c13000 	C:\windows\WinSxS\amd64_microsoft.vc90.crt_1fc8b3b9a1e18e3b_9.0.30729.6161_none_08e61857a83bc251\MSVCR90.dll
0x000000007a170000 - 0x000000007a19c000 	C:\Program Files\MATLAB\R2012b\bin\win64\boost_filesystem-vc90-mt-1_44.dll
0x000000007a560000 - 0x000000007a569000 	C:\Program Files\MATLAB\R2012b\bin\win64\boost_system-vc90-mt-1_44.dll
0x000007feff560000 - 0x000007feff63b000 	C:\windows\system32\ADVAPI32.dll
0x000007fefec30000 - 0x000007fefeccf000 	C:\windows\system32\msvcrt.dll
0x000007fefecd0000 - 0x000007fefecef000 	C:\windows\SYSTEM32\sechost.dll
0x000007feff120000 - 0x000007feff24d000 	C:\windows\system32\RPCRT4.dll
0x000000007a010000 - 0x000000007a035000 	C:\Program Files\MATLAB\R2012b\bin\win64\LIBEXPAT.dll
0x000000005e670000 - 0x000000005e861000 	C:\Program Files\MATLAB\R2012b\bin\win64\icuin44.dll
0x000000005e4f0000 - 0x000000005e661000 	C:\Program Files\MATLAB\R2012b\bin\win64\icuuc44.dll
0x0000000010000000 - 0x0000000010e41000 	C:\Program Files\MATLAB\R2012b\bin\win64\icudt44.dll
0x0000000073f70000 - 0x000000007411d000 	C:\Program Files\MATLAB\R2012b\bin\win64\libmwfl.dll
0x0000000004300000 - 0x00000000046b6000 	C:\Program Files\MATLAB\R2012b\bin\win64\libmwMATLAB_res.dll
0x000000007a3b0000 - 0x000000007a3c0000 	C:\Program Files\MATLAB\R2012b\bin\win64\boost_date_time-vc90-mt-1_44.dll
0x000000007a250000 - 0x000000007a263000 	C:\Program Files\MATLAB\R2012b\bin\win64\boost_signals-vc90-mt-1_44.dll
0x000000007a2d0000 - 0x000000007a2e2000 	C:\Program Files\MATLAB\R2012b\bin\win64\boost_thread-vc90-mt-1_44.dll
0x00000000046c0000 - 0x000000000477d000 	C:\Program Files\MATLAB\R2012b\bin\win64\boost_log-vc90-mt-1_44.dll
0x0000000077570000 - 0x0000000077577000 	C:\windows\system32\PSAPI.DLL
0x000007feff360000 - 0x000007feff3ad000 	C:\windows\system32\WS2_32.dll
0x000007fefdde0000 - 0x000007fefdde8000 	C:\windows\system32\NSI.dll
0x00000000041a0000 - 0x00000000041e6000 	C:\Program Files\MATLAB\R2012b\bin\win64\tbb.dll
0x000007fefdbe0000 - 0x000007fefdbf9000 	C:\windows\system32\imagehlp.dll
0x00000000635f0000 - 0x0000000063603000 	C:\Program Files\MATLAB\R2012b\bin\win64\icuio44.dll
0x000007fef5e90000 - 0x000007fef5fb5000 	C:\windows\system32\dbghelp.dll
0x00000000772b0000 - 0x00000000773aa000 	C:\windows\system32\USER32.dll
0x000007fefee00000 - 0x000007fefee67000 	C:\windows\system32\GDI32.dll
0x000007fefddf0000 - 0x000007fefddfe000 	C:\windows\system32\LPK.dll
0x000007feff3b0000 - 0x000007feff479000 	C:\windows\system32\USP10.dll
0x0000000004790000 - 0x0000000004a6c000 	C:\Program Files\MATLAB\R2012b\bin\win64\libmwservices.dll
0x0000000075a20000 - 0x0000000075af3000 	C:\Program Files\MATLAB\R2012b\bin\win64\libmx.dll
0x0000000004a90000 - 0x0000000004ab9000 	C:\Program Files\MATLAB\R2012b\bin\win64\tbbmalloc.dll
0x000000007a210000 - 0x000000007a228000 	C:\Program Files\MATLAB\R2012b\bin\win64\zlib1.dll
0x0000000004ae0000 - 0x0000000004b2d000 	C:\Program Files\MATLAB\R2012b\bin\win64\libmwregexp.dll
0x0000000004b40000 - 0x0000000004b63000 	C:\Program Files\MATLAB\R2012b\bin\win64\libmwmfl_scalar.dll
0x0000000075f10000 - 0x0000000075f60000 	C:\Program Files\MATLAB\R2012b\bin\win64\mpath.dll
0x000000007b680000 - 0x000000007bc9a000 	C:\Program Files\MATLAB\R2012b\bin\win64\mlutil.dll
0x00000000754d0000 - 0x0000000075551000 	C:\Program Files\MATLAB\R2012b\bin\win64\xmlcore.dll
0x0000000004bb0000 - 0x0000000004e03000 	C:\Program Files\MATLAB\R2012b\bin\win64\xerces-c_2_7.dll
0x0000000004e20000 - 0x0000000004e40000 	C:\Program Files\MATLAB\R2012b\bin\win64\libmwMATLAB_settings_res.dll
0x0000000004e50000 - 0x0000000004e60000 	C:\Program Files\MATLAB\R2012b\bin\win64\boost_iostreams-vc90-mt-1_44.dll
0x0000000004e70000 - 0x0000000004eb7000 	C:\Program Files\MATLAB\R2012b\bin\win64\boost_serialization-vc90-mt-1_44.dll
0x000007fefdea0000 - 0x000007fefec28000 	C:\windows\system32\SHELL32.dll
0x000007feff640000 - 0x000007feff6b1000 	C:\windows\system32\SHLWAPI.dll
0x000007fef62d0000 - 0x000007fef6370000 	C:\windows\WinSxS\amd64_microsoft.windows.common-controls_6595b64144ccf1df_5.82.7601.17514_none_a4d6a923711520a9\COMCTL32.dll
0x000007fefde00000 - 0x000007fefde97000 	C:\windows\system32\COMDLG32.dll
0x000007fefb770000 - 0x000007fefb786000 	C:\windows\system32\NETAPI32.dll
0x000007fefcd10000 - 0x000007fefcd1c000 	C:\windows\system32\netutils.dll
0x000007fefd440000 - 0x000007fefd463000 	C:\windows\system32\srvcli.dll
0x000007fefb750000 - 0x000007fefb765000 	C:\windows\system32\wkscli.dll
0x000007fefef10000 - 0x000007feff113000 	C:\windows\system32\ole32.dll
0x000007feff480000 - 0x000007feff557000 	C:\windows\system32\OLEAUT32.dll
0x0000000074970000 - 0x0000000074a31000 	C:\Program Files\MATLAB\R2012b\bin\win64\mcr.dll
0x0000000075000000 - 0x00000000753e9000 	C:\Program Files\MATLAB\R2012b\bin\win64\iqm.dll
0x0000000074e80000 - 0x0000000074f38000 	C:\Program Files\MATLAB\R2012b\bin\win64\m_dispatcher.dll
0x0000000074880000 - 0x000000007496d000 	C:\Program Files\MATLAB\R2012b\bin\win64\boost_regex-vc90-mt-1_44.dll
0x000007feed870000 - 0x000007feee0e1000 	C:\Program Files\MATLAB\R2012b\bin\win64\m_interpreter.dll
0x00000000628e0000 - 0x0000000062907000 	C:\Program Files\MATLAB\R2012b\bin\win64\libmex.dll
0x0000000062610000 - 0x0000000062694000 	C:\Program Files\MATLAB\R2012b\bin\win64\profiler.dll
0x0000000004f40000 - 0x00000000051aa000 	C:\Program Files\MATLAB\R2012b\bin\win64\libmwmathutil.dll
0x0000000079f40000 - 0x0000000079f6e000 	C:\Program Files\MATLAB\R2012b\bin\win64\libmwmathrng.dll
0x00000000051d0000 - 0x00000000051e2000 	C:\Program Files\MATLAB\R2012b\bin\win64\libmwmfl_rng.dll
0x0000000005200000 - 0x00000000052de000 	C:\Program Files\MATLAB\R2012b\bin\win64\libmwmathcore.dll
0x0000000076160000 - 0x00000000761ca000 	C:\Program Files\MATLAB\R2012b\bin\win64\libmwspmatrix.dll
0x0000000075ea0000 - 0x0000000075f02000 	C:\Program Files\MATLAB\R2012b\bin\win64\libmwcholmod.dll
0x000000007a460000 - 0x000000007a46d000 	C:\Program Files\MATLAB\R2012b\bin\win64\libmwamd.dll
0x000000007a4b0000 - 0x000000007a4bc000 	C:\Program Files\MATLAB\R2012b\bin\win64\libmwcolamd.dll
0x000000007a290000 - 0x000000007a2a9000 	C:\Program Files\MATLAB\R2012b\bin\win64\libmwblas.dll
0x000000007a310000 - 0x000000007a321000 	C:\Program Files\MATLAB\R2012b\bin\win64\libmwbinder.dll
0x000000007a4d0000 - 0x000000007a4dc000 	C:\Program Files\MATLAB\R2012b\bin\win64\libmwompwrapper.dll
0x0000000005360000 - 0x00000000053e5000 	C:\Program Files\MATLAB\R2012b\bin\win64\libmwlapack.dll
0x00000000628b0000 - 0x00000000628d1000 	C:\Program Files\MATLAB\R2012b\bin\win64\m_pcodeio.dll
0x0000000079b10000 - 0x0000000079b77000 	C:\Program Files\MATLAB\R2012b\bin\win64\m_ir.dll
0x000000005aac0000 - 0x000000005b130000 	C:\Program Files\MATLAB\R2012b\bin\win64\m_parser.dll
0x00000000635d0000 - 0x00000000635ea000 	C:\Program Files\MATLAB\R2012b\bin\win64\ir_xfmr.dll
0x000007feed5d0000 - 0x000007feed866000 	C:\Program Files\MATLAB\R2012b\bin\win64\mcos.dll
0x0000000062890000 - 0x00000000628a1000 	C:\Program Files\MATLAB\R2012b\bin\win64\mtok.dll
0x00000000607d0000 - 0x0000000060801000 	C:\Program Files\MATLAB\R2012b\bin\win64\m_pcodegen.dll
0x0000000079fb0000 - 0x0000000079fe6000 	C:\Program Files\MATLAB\R2012b\bin\win64\libmwbridge.dll
0x000000005e420000 - 0x000000005e4e8000 	C:\Program Files\MATLAB\R2012b\bin\win64\udd.dll
0x000000005e2c0000 - 0x000000005e412000 	C:\Program Files\MATLAB\R2012b\bin\win64\libmwgui.dll
0x00000000607b0000 - 0x00000000607c7000 	C:\Program Files\MATLAB\R2012b\bin\win64\graphics_util.dll
0x0000000057d10000 - 0x000000005876f000 	C:\Program Files\MATLAB\R2012b\bin\win64\hg.dll
0x00000000054c0000 - 0x0000000005528000 	C:\Program Files\MATLAB\R2012b\bin\win64\libmat.dll
0x0000000072d30000 - 0x0000000072f44000 	C:\Program Files\MATLAB\R2012b\bin\win64\hdf5dll.dll
0x0000000075710000 - 0x00000000757de000 	C:\Program Files\MATLAB\R2012b\bin\win64\jmi.dll
0x0000000005560000 - 0x000000000556d000 	C:\Program Files\MATLAB\R2012b\bin\win64\nativejava_services.dll
0x000000005ede0000 - 0x000000005ee26000 	C:\Program Files\MATLAB\R2012b\bin\win64\libmwhardcopy.dll
0x000000005ecc0000 - 0x000000005ed23000 	C:\Program Files\MATLAB\R2012b\bin\win64\libuij.dll
0x000000005d2c0000 - 0x000000005d524000 	C:\Program Files\MATLAB\R2012b\bin\win64\hgdatatypes.dll
0x000000005e1a0000 - 0x000000005e2bf000 	C:\Program Files\MATLAB\R2012b\bin\win64\hgutils.dll
0x000000005d200000 - 0x000000005d2c0000 	C:\Program Files\MATLAB\R2012b\bin\win64\udd_mi.dll
0x00000000055d0000 - 0x000000000560b000 	C:\Program Files\MATLAB\R2012b\bin\win64\libmwgbtutils.dll
0x0000000005620000 - 0x000000000563b000 	C:\Program Files\MATLAB\R2012b\bin\win64\libmwgbt.dll
0x0000000005650000 - 0x0000000005921000 	C:\Program Files\MATLAB\R2012b\bin\win64\uiw.dll
0x00000000653c0000 - 0x00000000653cf000 	C:\Program Files\MATLAB\R2012b\bin\win64\uinone.dll
0x0000000005950000 - 0x0000000005979000 	C:\Program Files\MATLAB\R2012b\bin\win64\libmwnativefiledialogs.dll
0x0000000005990000 - 0x0000000005998000 	C:\Program Files\MATLAB\R2012b\bin\win64\libmwplatform_res.dll
0x000007fef85a0000 - 0x000007fef85b8000 	C:\windows\system32\MPR.dll
0x0000000057820000 - 0x0000000057d04000 	C:\windows\WinSxS\amd64_microsoft.vc90.mfc_1fc8b3b9a1e18e3b_9.0.30729.6161_none_044aad0bab1eb146\mfc90.dll
0x000007fef6250000 - 0x000007fef6257000 	C:\windows\system32\MSIMG32.dll
0x000007fef9480000 - 0x000007fef94f1000 	C:\windows\system32\WINSPOOL.DRV
0x0000000060780000 - 0x00000000607a2000 	C:\Program Files\MATLAB\R2012b\bin\win64\mwoles05.DLL
0x000000005e120000 - 0x000000005e19d000 	C:\Program Files\MATLAB\R2012b\bin\win64\comcli.dll
0x0000000074b40000 - 0x0000000074b6f000 	C:\windows\WinSxS\amd64_microsoft.vc90.atl_1fc8b3b9a1e18e3b_9.0.30729.6161_none_0a1fd3a3a768b895\ATL90.DLL
0x0000000064f90000 - 0x0000000064f9c000 	C:\Program Files\MATLAB\R2012b\bin\win64\mlautoregister.dll
0x000007feff2d0000 - 0x000007feff2fe000 	C:\windows\system32\IMM32.DLL
0x000007fefecf0000 - 0x000007fefedf9000 	C:\windows\system32\MSCTF.dll
0x000007fefc160000 - 0x000007fefc1b6000 	C:\windows\system32\UxTheme.dll
0x000007fefbc00000 - 0x000007fefbc18000 	C:\windows\system32\dwmapi.dll
0x0000000064110000 - 0x000000006411d000 	C:\windows\WinSxS\amd64_microsoft.vc90.mfcloc_1fc8b3b9a1e18e3b_9.0.30729.6161_none_01c9581e60cbee58\MFC90ENU.DLL
0x000007fefd810000 - 0x000007fefd81f000 	C:\windows\system32\profapi.dll
0x0000000005a30000 - 0x0000000005a3f000 	C:\Program Files\MATLAB\R2012b\bin\win64\xmlxrcsc.dll
0x000007fefd740000 - 0x000007fefd74f000 	C:\windows\system32\CRYPTBASE.dll
0x000007fefc1c0000 - 0x000007fefc3b4000 	C:\windows\WinSxS\amd64_microsoft.windows.common-controls_6595b64144ccf1df_6.0.7601.17514_none_fa396087175ac9ac\comctl32.dll
0x000007fefdc00000 - 0x000007fefddd7000 	C:\windows\system32\SETUPAPI.dll
0x000007fefd8c0000 - 0x000007fefd8f6000 	C:\windows\system32\CFGMGR32.dll
0x000007fefdbc0000 - 0x000007fefdbda000 	C:\windows\system32\DEVOBJ.dll
0x000007fefee70000 - 0x000007fefef09000 	C:\windows\system32\CLBCatQ.DLL
0x000007fefbc20000 - 0x000007fefbd4c000 	C:\windows\system32\propsys.dll
0x000007fefc6b0000 - 0x000007fefc6dd000 	C:\windows\system32\ntmarta.dll

VM Arguments:
jvm_args: -Xss512k -XX:PermSize=32m -Xms64m -XX:NewRatio=3 -XX:MaxPermSize=128m -Xmx196m -XX:MaxDirectMemorySize=2147400000 -Dsun.java2d.noddraw=true -Dsun.awt.nopixfmt=true -Xshare:off -Xrs -Dsun.awt.disableMixing=true -Djava.library.path=C:\Program Files\MATLAB\R2012b\bin\win64;C:\Program Files\MATLAB\R2012b\sys\jxbrowser\win64\lib vfprintf abort 
java_command: <unknown>
Launcher Type: generic

Environment Variables:
CLASSPATH=.;C:\Program Files (x86)\Java\jre7\lib\ext\QTJava.zip
PATH=C:\windows\system32;C:\windows;C:\windows\System32\Wbem;C:\windows\System32\WindowsPowerShell\v1.0\;C:\Program Files (x86)\QuickTime\QTSystem\;C:\Program Files (x86)\Intel\OpenCL SDK\2.0\bin\x86;C:\Program Files (x86)\Intel\OpenCL SDK\2.0\bin\x64;C:\Program Files\MATLAB\R2012b\runtime\win64;C:\Program Files\MATLAB\R2012b\bin;c:\Program Files (x86)\Microsoft SQL Server\100\Tools\Binn\;c:\Program Files\Microsoft SQL Server\100\Tools\Binn\;c:\Program Files\Microsoft SQL Server\100\DTS\Binn\;C:\Program Files (x86)\Autodesk\Backburner\;C:\Program Files\Common Files\Autodesk Shared\
USERNAME=bcheng1
OS=Windows_NT
PROCESSOR_IDENTIFIER=Intel64 Family 6 Model 58 Stepping 9, GenuineIntel



---------------  S Y S T E M  ---------------

OS: Windows 7 Build 7601 Service Pack 1

CPU:total 8 (8 cores per cpu, 2 threads per core) family 6 model 58 stepping 9, cmov, cx8, fxsr, mmx, sse, sse2, sse3, ssse3, sse4.1, sse4.2, ht

Memory: 4k page, physical 16693720k(9868380k free), swap 33385584k(25236764k free)

vm_info: Java HotSpot(TM) 64-Bit Server VM (14.3-b01) for windows-amd64 JRE (1.6.0_17-b04), built on Oct 11 2009 00:46:08 by "java_re" with MS VC++ 8.0

time: Mon Mar 18 23:26:58 2013
elapsed time: 550250 seconds

